TN:
SF:src\InteractiveQuery.ts
FN:33,(anonymous_0)
FN:17,(anonymous_1)
FN:39,(anonymous_2)
FN:49,(anonymous_3)
FN:61,(anonymous_4)
FN:71,(anonymous_5)
FN:83,(anonymous_6)
FN:94,(anonymous_7)
FNF:8
FNH:0
FNDA:0,(anonymous_0)
FNDA:0,(anonymous_1)
FNDA:0,(anonymous_2)
FNDA:0,(anonymous_3)
FNDA:0,(anonymous_4)
FNDA:0,(anonymous_5)
FNDA:0,(anonymous_6)
FNDA:0,(anonymous_7)
DA:10,1
DA:18,0
DA:34,0
DA:40,0
DA:41,0
DA:42,0
DA:44,0
DA:50,0
DA:51,0
DA:52,0
DA:54,0
DA:62,0
DA:63,0
DA:64,0
DA:66,0
DA:72,0
DA:73,0
DA:74,0
DA:75,0
DA:77,0
DA:84,0
DA:85,0
DA:86,0
DA:87,0
DA:88,0
DA:95,0
DA:96,0
DA:97,0
DA:98,0
DA:99,0
LF:30
LH:1
BRDA:41,0,0,0
BRDA:41,0,1,0
BRDA:51,1,0,0
BRDA:51,1,1,0
BRDA:63,2,0,0
BRDA:63,2,1,0
BRDA:74,3,0,0
BRDA:74,3,1,0
BRDA:86,4,0,0
BRDA:86,4,1,0
BRDA:97,5,0,0
BRDA:97,5,1,0
BRF:12
BRH:0
end_of_record
TN:
SF:src\QueryableGroup.ts
FNF:0
FNH:0
LF:0
LH:0
BRF:0
BRH:0
end_of_record
TN:
SF:src\helpers.ts
FN:8,randomNum
FN:17,toIterator
FN:30,toArray
FN:48,matchValues
FN:63,union
FN:70,(anonymous_5)
FN:90,switchReduce
FN:96,(anonymous_7)
FN:99,(anonymous_8)
FNF:9
FNH:8
FNDA:56,randomNum
FNDA:0,toIterator
FNDA:1,toArray
FNDA:30,matchValues
FNDA:4,union
FNDA:3,(anonymous_5)
FNDA:22,switchReduce
FNDA:5,(anonymous_7)
FNDA:18,(anonymous_8)
DA:8,1
DA:9,56
DA:17,1
DA:18,0
DA:19,0
DA:20,0
DA:21,0
DA:30,1
DA:31,1
DA:32,1
DA:34,1
DA:35,5
DA:36,5
DA:38,1
DA:48,1
DA:49,30
DA:51,32
DA:52,22
DA:55,8
DA:63,1
DA:65,4
DA:66,1
DA:69,3
DA:72,3
DA:73,5
DA:74,5
DA:75,9
DA:90,1
DA:91,22
DA:92,22
DA:94,22
DA:95,27
DA:96,27
DA:97,5
DA:98,5
DA:100,18
DA:103,22
LF:37
LH:33
BRDA:51,0,0,22
BRDA:51,0,1,10
BRDA:51,1,0,32
BRDA:51,1,1,32
BRDA:65,2,0,1
BRDA:65,2,1,3
BRF:6
BRH:6
end_of_record
TN:
SF:src\index.ts
FN:5,(anonymous_4)
FN:6,(anonymous_5)
FNF:2
FNH:1
FNDA:0,(anonymous_4)
FNDA:37,(anonymous_5)
DA:5,1
DA:6,38
DA:7,1
DA:8,1
LF:4
LH:4
BRF:0
BRH:0
end_of_record
TN:
SF:src\linq.ts
FN:32,from
FN:52,range
FN:65,create
FN:67,(anonymous_3)
FN:78,createAsync
FN:80,(anonymous_5)
FNF:6
FNH:6
FNDA:5,from
FNDA:1,range
FNDA:2,create
FNDA:6,(anonymous_3)
FNDA:1,createAsync
FNDA:3,(anonymous_5)
DA:2,1
DA:33,5
DA:34,3
DA:35,2
DA:36,1
DA:38,1
DA:42,1
DA:52,1
DA:53,1
DA:54,8
DA:65,1
DA:66,2
DA:67,6
DA:68,2
DA:78,1
DA:79,1
DA:80,3
DA:81,1
LF:18
LH:18
BRDA:33,0,0,3
BRDA:33,0,1,2
BRDA:33,1,0,5
BRDA:33,1,1,2
BRDA:35,2,0,1
BRDA:35,2,1,1
BRDA:52,3,0,1
BRF:7
BRH:7
end_of_record
TN:
SF:src\queryable.ts
FN:112,(anonymous_1)
FN:123,(anonymous_2)
FN:128,(anonymous_3)
FN:136,(anonymous_4)
FN:149,(anonymous_5)
FN:150,(anonymous_6)
FN:158,(anonymous_7)
FN:159,(anonymous_8)
FN:166,(anonymous_9)
FN:167,(anonymous_10)
FN:177,(anonymous_11)
FN:178,(anonymous_12)
FN:188,(anonymous_13)
FN:189,(anonymous_14)
FN:200,(anonymous_15)
FN:201,(anonymous_16)
FN:209,(anonymous_17)
FN:210,(anonymous_18)
FN:213,(anonymous_19)
FN:214,(anonymous_20)
FN:217,(anonymous_21)
FN:218,(anonymous_22)
FN:221,(anonymous_23)
FN:222,(anonymous_24)
FN:225,(anonymous_25)
FN:229,(anonymous_26)
FN:241,(anonymous_27)
FN:248,(anonymous_28)
FN:270,(anonymous_29)
FN:277,(anonymous_30)
FN:284,(anonymous_31)
FN:291,(anonymous_32)
FN:295,(anonymous_33)
FN:298,(anonymous_34)
FN:302,(anonymous_35)
FN:314,(anonymous_36)
FN:322,(anonymous_37)
FN:334,(anonymous_38)
FN:343,(anonymous_39)
FN:360,(anonymous_40)
FN:368,(anonymous_41)
FN:373,(anonymous_42)
FN:378,(anonymous_43)
FN:384,(anonymous_44)
FN:394,(anonymous_45)
FN:410,(anonymous_46)
FN:415,(anonymous_47)
FN:419,(anonymous_48)
FN:425,(anonymous_49)
FN:434,(anonymous_50)
FN:442,(anonymous_51)
FN:447,(anonymous_52)
FN:455,(anonymous_53)
FN:460,(anonymous_54)
FN:465,(anonymous_55)
FN:470,(anonymous_56)
FN:475,(anonymous_57)
FN:482,(anonymous_58)
FN:491,(anonymous_59)
FN:495,(anonymous_60)
FN:503,(anonymous_61)
FN:508,(anonymous_62)
FN:512,(anonymous_63)
FN:521,(anonymous_64)
FN:528,(anonymous_65)
FN:554,(anonymous_66)
FN:565,(anonymous_67)
FN:636,(anonymous_68)
FN:646,(anonymous_69)
FN:650,(anonymous_70)
FN:651,(anonymous_71)
FN:676,(anonymous_72)
FN:681,(anonymous_73)
FN:706,(anonymous_74)
FNF:74
FNH:62
FNDA:51,(anonymous_1)
FNDA:2,(anonymous_2)
FNDA:3,(anonymous_3)
FNDA:25,(anonymous_4)
FNDA:1,(anonymous_5)
FNDA:53,(anonymous_6)
FNDA:1,(anonymous_7)
FNDA:10,(anonymous_8)
FNDA:2,(anonymous_9)
FNDA:10,(anonymous_10)
FNDA:1,(anonymous_11)
FNDA:5,(anonymous_12)
FNDA:1,(anonymous_13)
FNDA:5,(anonymous_14)
FNDA:2,(anonymous_15)
FNDA:10,(anonymous_16)
FNDA:2,(anonymous_17)
FNDA:8,(anonymous_18)
FNDA:2,(anonymous_19)
FNDA:8,(anonymous_20)
FNDA:1,(anonymous_21)
FNDA:5,(anonymous_22)
FNDA:5,(anonymous_23)
FNDA:22,(anonymous_24)
FNDA:1,(anonymous_25)
FNDA:5,(anonymous_26)
FNDA:1,(anonymous_27)
FNDA:1,(anonymous_28)
FNDA:1,(anonymous_29)
FNDA:0,(anonymous_30)
FNDA:0,(anonymous_31)
FNDA:1,(anonymous_32)
FNDA:0,(anonymous_33)
FNDA:0,(anonymous_34)
FNDA:0,(anonymous_35)
FNDA:0,(anonymous_36)
FNDA:1,(anonymous_37)
FNDA:1,(anonymous_38)
FNDA:2,(anonymous_39)
FNDA:0,(anonymous_40)
FNDA:1,(anonymous_41)
FNDA:2,(anonymous_42)
FNDA:1,(anonymous_43)
FNDA:1,(anonymous_44)
FNDA:3,(anonymous_45)
FNDA:1,(anonymous_46)
FNDA:0,(anonymous_47)
FNDA:1,(anonymous_48)
FNDA:1,(anonymous_49)
FNDA:5,(anonymous_50)
FNDA:2,(anonymous_51)
FNDA:27,(anonymous_52)
FNDA:2,(anonymous_53)
FNDA:2,(anonymous_54)
FNDA:1,(anonymous_55)
FNDA:0,(anonymous_56)
FNDA:11,(anonymous_57)
FNDA:2,(anonymous_58)
FNDA:4,(anonymous_59)
FNDA:1,(anonymous_60)
FNDA:0,(anonymous_61)
FNDA:1,(anonymous_62)
FNDA:0,(anonymous_63)
FNDA:0,(anonymous_64)
FNDA:2,(anonymous_65)
FNDA:1,(anonymous_66)
FNDA:65,(anonymous_67)
FNDA:65,(anonymous_68)
FNDA:266,(anonymous_69)
FNDA:4,(anonymous_70)
FNDA:4,(anonymous_71)
FNDA:4,(anonymous_72)
FNDA:22,(anonymous_73)
FNDA:27,(anonymous_74)
DA:1,1
DA:2,1
DA:12,1
DA:13,1
DA:27,1
DA:42,51
DA:58,51
DA:66,51
DA:74,51
DA:82,51
DA:90,51
DA:97,51
DA:104,51
DA:114,51
DA:124,2
DA:128,3
DA:129,2
DA:137,25
DA:138,25
DA:150,53
DA:151,1
DA:159,10
DA:160,1
DA:167,10
DA:168,2
DA:178,5
DA:179,1
DA:189,5
DA:190,1
DA:201,2
DA:202,10
DA:204,10
DA:206,2
DA:210,8
DA:214,8
DA:218,5
DA:222,22
DA:226,1
DA:229,1
DA:230,5
DA:231,5
DA:233,5
DA:235,4
DA:237,5
DA:245,1
DA:246,1
DA:249,1
DA:251,2
DA:252,6
DA:253,6
DA:254,0
DA:255,6
DA:256,0
DA:257,6
DA:258,3
DA:262,3
DA:274,1
DA:281,0
DA:288,0
DA:292,1
DA:296,0
DA:297,0
DA:299,0
DA:300,0
DA:301,0
DA:302,0
DA:303,0
DA:304,0
DA:305,0
DA:311,0
DA:315,0
DA:324,1
DA:325,1
DA:326,1
DA:328,0
DA:330,0
DA:335,1
DA:336,11
DA:337,0
DA:340,1
DA:344,2
DA:345,2
DA:346,1
DA:348,1
DA:349,1
DA:350,1
DA:352,3
DA:353,1
DA:355,2
DA:357,0
DA:361,0
DA:369,1
DA:370,1
DA:374,2
DA:375,2
DA:381,1
DA:387,1
DA:395,3
DA:397,0
DA:400,3
DA:402,3
DA:403,0
DA:405,3
DA:407,3
DA:411,1
DA:412,1
DA:416,0
DA:421,1
DA:422,1
DA:426,1
DA:427,1
DA:429,5
DA:431,1
DA:435,5
DA:436,3
DA:439,2
DA:444,2
DA:448,27
DA:449,27
DA:450,82
DA:452,27
DA:456,2
DA:457,2
DA:461,2
DA:462,2
DA:466,1
DA:467,1
DA:471,0
DA:472,0
DA:476,11
DA:477,11
DA:479,0
DA:483,2
DA:484,2
DA:486,6
DA:488,2
DA:492,4
DA:496,1
DA:497,1
DA:498,5
DA:500,1
DA:505,0
DA:509,1
DA:513,0
DA:514,0
DA:515,0
DA:516,0
DA:518,0
DA:522,0
DA:524,0
DA:529,2
DA:530,2
DA:531,2
DA:533,2
DA:534,15
DA:535,15
DA:536,2
DA:537,2
DA:538,2
DA:539,2
DA:542,13
DA:543,1
DA:544,1
DA:546,12
DA:547,1
DA:548,1
DA:551,2
DA:557,1
DA:567,65
DA:568,65
DA:569,65
DA:570,65
DA:574,65
DA:581,275
DA:582,1
DA:585,274
DA:586,5
DA:588,269
DA:589,3
DA:590,3
DA:593,266
DA:596,266
DA:597,71
DA:600,195
DA:603,195
DA:605,14
DA:606,14
DA:609,0
DA:613,181
DA:614,175
DA:617,6
DA:623,50
DA:624,3
DA:626,6
DA:638,65
DA:647,266
DA:650,4
DA:651,4
DA:655,266
DA:656,169
DA:657,169
DA:659,98
DA:662,71
DA:666,195
DA:681,4
DA:690,22
DA:691,22
DA:692,22
DA:693,0
DA:694,0
DA:695,0
DA:696,0
DA:698,0
DA:703,22
DA:706,22
DA:707,27
DA:708,4
DA:710,23
DA:712,23
DA:713,23
DA:716,23
DA:717,5
DA:718,5
DA:721,18
DA:723,18
LF:225
LH:185
BRDA:150,0,0,0
BRDA:200,1,0,1
BRDA:204,2,0,5
BRDA:204,2,1,5
BRDA:204,3,0,5
BRDA:204,3,1,4
BRDA:204,4,0,5
BRDA:204,4,1,2
BRDA:233,5,0,4
BRDA:233,5,1,1
BRDA:253,6,0,0
BRDA:253,6,1,6
BRDA:253,7,0,6
BRDA:253,7,1,3
BRDA:255,8,0,0
BRDA:255,8,1,6
BRDA:255,9,0,6
BRDA:255,9,1,3
BRDA:257,10,0,3
BRDA:257,10,1,3
BRDA:301,11,0,0
BRDA:301,11,1,0
BRDA:303,12,0,0
BRDA:303,12,1,0
BRDA:324,13,0,1
BRDA:324,13,1,0
BRDA:336,14,0,0
BRDA:336,14,1,11
BRDA:345,15,0,1
BRDA:345,15,1,1
BRDA:352,16,0,1
BRDA:352,16,1,2
BRDA:395,17,0,0
BRDA:395,17,1,3
BRDA:402,18,0,0
BRDA:402,18,1,3
BRDA:528,19,0,1
BRDA:535,20,0,2
BRDA:535,20,1,13
BRDA:542,21,0,1
BRDA:542,21,1,12
BRDA:542,22,0,13
BRDA:542,22,1,2
BRDA:546,23,0,1
BRDA:546,23,1,11
BRDA:546,24,0,12
BRDA:546,24,1,11
BRDA:581,25,0,1
BRDA:581,25,1,274
BRDA:581,26,0,275
BRDA:581,26,1,0
BRDA:581,26,2,275
BRDA:581,26,3,5
BRDA:581,27,0,0
BRDA:581,27,1,0
BRDA:581,28,0,0
BRDA:581,28,1,0
BRDA:585,29,0,5
BRDA:585,29,1,269
BRDA:585,30,0,274
BRDA:585,30,1,9
BRDA:585,31,0,0
BRDA:585,31,1,9
BRDA:585,32,0,9
BRDA:585,32,1,9
BRDA:588,33,0,3
BRDA:588,33,1,266
BRDA:588,34,0,269
BRDA:588,34,1,6
BRDA:596,35,0,71
BRDA:596,35,1,195
BRDA:603,36,0,14
BRDA:603,36,1,181
BRDA:605,37,0,14
BRDA:605,37,1,0
BRDA:613,38,0,175
BRDA:613,38,1,6
BRDA:623,39,0,3
BRDA:623,39,1,47
BRDA:623,40,0,50
BRDA:623,40,1,3
BRDA:638,41,0,65
BRDA:638,41,1,65
BRDA:657,42,0,98
BRDA:657,42,1,71
BRDA:694,43,0,0
BRDA:694,43,1,0
BRDA:707,44,0,4
BRDA:707,44,1,23
BRDA:716,45,0,5
BRDA:716,45,1,18
BRDA:721,46,0,6
BRDA:721,46,1,12
BRDA:721,47,0,3
BRDA:721,47,1,3
BRDA:722,48,0,4
BRDA:722,48,1,8
BRF:97
BRH:77
end_of_record
